ERROR - 2023-06-13 15:18:51 --> Error connecting to the database: mysqli_sql_exception: No such file or directory in /Users/anapat.mua/Main/Learning/Coding/php/php-codeIgniter-4/vendor/codeigniter4/framework/system/Database/MySQLi/Connection.php:173
Stack trace:
#0 /Users/anapat.mua/Main/Learning/Coding/php/php-codeIgniter-4/vendor/codeigniter4/framework/system/Database/MySQLi/Connection.php(173): mysqli->real_connect('localhost', 'root', Object(SensitiveParameterValue), 'php-codeigniter', 3306, '', 0)
#1 /Users/anapat.mua/Main/Learning/Coding/php/php-codeIgniter-4/vendor/codeigniter4/framework/system/Database/BaseConnection.php(391): CodeIgniter\Database\MySQLi\Connection->connect(false)
#2 /Users/anapat.mua/Main/Learning/Coding/php/php-codeIgniter-4/vendor/codeigniter4/framework/system/Database/BaseConnection.php(574): CodeIgniter\Database\BaseConnection->initialize()
#3 /Users/anapat.mua/Main/Learning/Coding/php/php-codeIgniter-4/vendor/codeigniter4/framework/system/Database/BaseBuilder.php(1616): CodeIgniter\Database\BaseConnection->query('SELECT *\nFROM `...', Array, false)
#4 /Users/anapat.mua/Main/Learning/Coding/php/php-codeIgniter-4/vendor/codeigniter4/framework/system/Model.php(241): CodeIgniter\Database\BaseBuilder->get()
#5 /Users/anapat.mua/Main/Learning/Coding/php/php-codeIgniter-4/vendor/codeigniter4/framework/system/BaseModel.php(618): CodeIgniter\Model->doFindAll(0, 0)
#6 /Users/anapat.mua/Main/Learning/Coding/php/php-codeIgniter-4/app/Models/NewsModel.php(10): CodeIgniter\BaseModel->findAll()
#7 /Users/anapat.mua/Main/Learning/Coding/php/php-codeIgniter-4/app/Controllers/News.php(11): App\Models\NewsModel->getNews()
#8 /Users/anapat.mua/Main/Learning/Coding/php/php-codeIgniter-4/vendor/codeigniter4/framework/system/CodeIgniter.php(934): App\Controllers\News->index()
#9 /Users/anapat.mua/Main/Learning/Coding/php/php-codeIgniter-4/vendor/codeigniter4/framework/system/CodeIgniter.php(499): CodeIgniter\CodeIgniter->runController(Object(App\Controllers\News))
#10 /Users/anapat.mua/Main/Learning/Coding/php/php-codeIgniter-4/vendor/codeigniter4/framework/system/CodeIgniter.php(368): CodeIgniter\CodeIgniter->handleRequest(NULL, Object(Config\Cache), false)
#11 /Users/anapat.mua/Main/Learning/Coding/php/php-codeIgniter-4/public/index.php(67): CodeIgniter\CodeIgniter->run()
#12 /Users/anapat.mua/Main/Learning/Coding/php/php-codeIgniter-4/vendor/codeigniter4/framework/system/Commands/Server/rewrite.php(47): require_once('/Users/anapat.m...')
#13 {main}

Next CodeIgniter\Database\Exceptions\DatabaseException: No such file or directory in /Users/anapat.mua/Main/Learning/Coding/php/php-codeIgniter-4/vendor/codeigniter4/framework/system/Database/MySQLi/Connection.php:218
Stack trace:
#0 /Users/anapat.mua/Main/Learning/Coding/php/php-codeIgniter-4/vendor/codeigniter4/framework/system/Database/BaseConnection.php(391): CodeIgniter\Database\MySQLi\Connection->connect(false)
#1 /Users/anapat.mua/Main/Learning/Coding/php/php-codeIgniter-4/vendor/codeigniter4/framework/system/Database/BaseConnection.php(574): CodeIgniter\Database\BaseConnection->initialize()
#2 /Users/anapat.mua/Main/Learning/Coding/php/php-codeIgniter-4/vendor/codeigniter4/framework/system/Database/BaseBuilder.php(1616): CodeIgniter\Database\BaseConnection->query('SELECT *\nFROM `...', Array, false)
#3 /Users/anapat.mua/Main/Learning/Coding/php/php-codeIgniter-4/vendor/codeigniter4/framework/system/Model.php(241): CodeIgniter\Database\BaseBuilder->get()
#4 /Users/anapat.mua/Main/Learning/Coding/php/php-codeIgniter-4/vendor/codeigniter4/framework/system/BaseModel.php(618): CodeIgniter\Model->doFindAll(0, 0)
#5 /Users/anapat.mua/Main/Learning/Coding/php/php-codeIgniter-4/app/Models/NewsModel.php(10): CodeIgniter\BaseModel->findAll()
#6 /Users/anapat.mua/Main/Learning/Coding/php/php-codeIgniter-4/app/Controllers/News.php(11): App\Models\NewsModel->getNews()
#7 /Users/anapat.mua/Main/Learning/Coding/php/php-codeIgniter-4/vendor/codeigniter4/framework/system/CodeIgniter.php(934): App\Controllers\News->index()
#8 /Users/anapat.mua/Main/Learning/Coding/php/php-codeIgniter-4/vendor/codeigniter4/framework/system/CodeIgniter.php(499): CodeIgniter\CodeIgniter->runController(Object(App\Controllers\News))
#9 /Users/anapat.mua/Main/Learning/Coding/php/php-codeIgniter-4/vendor/codeigniter4/framework/system/CodeIgniter.php(368): CodeIgniter\CodeIgniter->handleRequest(NULL, Object(Config\Cache), false)
#10 /Users/anapat.mua/Main/Learning/Coding/php/php-codeIgniter-4/public/index.php(67): CodeIgniter\CodeIgniter->run()
#11 /Users/anapat.mua/Main/Learning/Coding/php/php-codeIgniter-4/vendor/codeigniter4/framework/system/Commands/Server/rewrite.php(47): require_once('/Users/anapat.m...')
#12 {main}
CRITICAL - 2023-06-13 15:18:51 --> Unable to connect to the database.
Main connection [MySQLi]: No such file or directory
in SYSTEMPATH/Database/BaseConnection.php on line 427.
 1 SYSTEMPATH/Database/BaseConnection.php(574): CodeIgniter\Database\BaseConnection->initialize()
 2 SYSTEMPATH/Database/BaseBuilder.php(1616): CodeIgniter\Database\BaseConnection->query('SELECT *
FROM `news`', [], false)
 3 SYSTEMPATH/Model.php(241): CodeIgniter\Database\BaseBuilder->get()
 4 SYSTEMPATH/BaseModel.php(618): CodeIgniter\Model->doFindAll(0, 0)
 5 APPPATH/Models/NewsModel.php(10): CodeIgniter\BaseModel->findAll()
 6 APPPATH/Controllers/News.php(11): App\Models\NewsModel->getNews()
 7 SYSTEMPATH/CodeIgniter.php(934): App\Controllers\News->index()
 8 SYSTEMPATH/CodeIgniter.php(499): CodeIgniter\CodeIgniter->runController(Object(App\Controllers\News))
 9 SYSTEMPATH/CodeIgniter.php(368): CodeIgniter\CodeIgniter->handleRequest(null, Object(Config\Cache), false)
10 FCPATH/index.php(67): CodeIgniter\CodeIgniter->run()
11 SYSTEMPATH/Commands/Server/rewrite.php(47): require_once('/Users/anapat.mua/Main/Learning/Coding/php/php-codeIgniter-4/public/index.php')
ERROR - 2023-06-13 15:20:40 --> Error connecting to the database: mysqli_sql_exception: No such file or directory in /Users/anapat.mua/Main/Learning/Coding/php/php-codeIgniter-4/vendor/codeigniter4/framework/system/Database/MySQLi/Connection.php:173
Stack trace:
#0 /Users/anapat.mua/Main/Learning/Coding/php/php-codeIgniter-4/vendor/codeigniter4/framework/system/Database/MySQLi/Connection.php(173): mysqli->real_connect('localhost', 'root', Object(SensitiveParameterValue), 'php-codeigniter', 3306, '', 0)
#1 /Users/anapat.mua/Main/Learning/Coding/php/php-codeIgniter-4/vendor/codeigniter4/framework/system/Database/BaseConnection.php(391): CodeIgniter\Database\MySQLi\Connection->connect(false)
#2 /Users/anapat.mua/Main/Learning/Coding/php/php-codeIgniter-4/vendor/codeigniter4/framework/system/Database/BaseConnection.php(574): CodeIgniter\Database\BaseConnection->initialize()
#3 /Users/anapat.mua/Main/Learning/Coding/php/php-codeIgniter-4/vendor/codeigniter4/framework/system/Database/BaseBuilder.php(1616): CodeIgniter\Database\BaseConnection->query('SELECT *\nFROM `...', Array, false)
#4 /Users/anapat.mua/Main/Learning/Coding/php/php-codeIgniter-4/vendor/codeigniter4/framework/system/Model.php(241): CodeIgniter\Database\BaseBuilder->get()
#5 /Users/anapat.mua/Main/Learning/Coding/php/php-codeIgniter-4/vendor/codeigniter4/framework/system/BaseModel.php(618): CodeIgniter\Model->doFindAll(0, 0)
#6 /Users/anapat.mua/Main/Learning/Coding/php/php-codeIgniter-4/app/Models/NewsModel.php(10): CodeIgniter\BaseModel->findAll()
#7 /Users/anapat.mua/Main/Learning/Coding/php/php-codeIgniter-4/app/Controllers/News.php(11): App\Models\NewsModel->getNews()
#8 /Users/anapat.mua/Main/Learning/Coding/php/php-codeIgniter-4/vendor/codeigniter4/framework/system/CodeIgniter.php(934): App\Controllers\News->index()
#9 /Users/anapat.mua/Main/Learning/Coding/php/php-codeIgniter-4/vendor/codeigniter4/framework/system/CodeIgniter.php(499): CodeIgniter\CodeIgniter->runController(Object(App\Controllers\News))
#10 /Users/anapat.mua/Main/Learning/Coding/php/php-codeIgniter-4/vendor/codeigniter4/framework/system/CodeIgniter.php(368): CodeIgniter\CodeIgniter->handleRequest(NULL, Object(Config\Cache), false)
#11 /Users/anapat.mua/Main/Learning/Coding/php/php-codeIgniter-4/public/index.php(67): CodeIgniter\CodeIgniter->run()
#12 /Users/anapat.mua/Main/Learning/Coding/php/php-codeIgniter-4/vendor/codeigniter4/framework/system/Commands/Server/rewrite.php(47): require_once('/Users/anapat.m...')
#13 {main}

Next CodeIgniter\Database\Exceptions\DatabaseException: No such file or directory in /Users/anapat.mua/Main/Learning/Coding/php/php-codeIgniter-4/vendor/codeigniter4/framework/system/Database/MySQLi/Connection.php:218
Stack trace:
#0 /Users/anapat.mua/Main/Learning/Coding/php/php-codeIgniter-4/vendor/codeigniter4/framework/system/Database/BaseConnection.php(391): CodeIgniter\Database\MySQLi\Connection->connect(false)
#1 /Users/anapat.mua/Main/Learning/Coding/php/php-codeIgniter-4/vendor/codeigniter4/framework/system/Database/BaseConnection.php(574): CodeIgniter\Database\BaseConnection->initialize()
#2 /Users/anapat.mua/Main/Learning/Coding/php/php-codeIgniter-4/vendor/codeigniter4/framework/system/Database/BaseBuilder.php(1616): CodeIgniter\Database\BaseConnection->query('SELECT *\nFROM `...', Array, false)
#3 /Users/anapat.mua/Main/Learning/Coding/php/php-codeIgniter-4/vendor/codeigniter4/framework/system/Model.php(241): CodeIgniter\Database\BaseBuilder->get()
#4 /Users/anapat.mua/Main/Learning/Coding/php/php-codeIgniter-4/vendor/codeigniter4/framework/system/BaseModel.php(618): CodeIgniter\Model->doFindAll(0, 0)
#5 /Users/anapat.mua/Main/Learning/Coding/php/php-codeIgniter-4/app/Models/NewsModel.php(10): CodeIgniter\BaseModel->findAll()
#6 /Users/anapat.mua/Main/Learning/Coding/php/php-codeIgniter-4/app/Controllers/News.php(11): App\Models\NewsModel->getNews()
#7 /Users/anapat.mua/Main/Learning/Coding/php/php-codeIgniter-4/vendor/codeigniter4/framework/system/CodeIgniter.php(934): App\Controllers\News->index()
#8 /Users/anapat.mua/Main/Learning/Coding/php/php-codeIgniter-4/vendor/codeigniter4/framework/system/CodeIgniter.php(499): CodeIgniter\CodeIgniter->runController(Object(App\Controllers\News))
#9 /Users/anapat.mua/Main/Learning/Coding/php/php-codeIgniter-4/vendor/codeigniter4/framework/system/CodeIgniter.php(368): CodeIgniter\CodeIgniter->handleRequest(NULL, Object(Config\Cache), false)
#10 /Users/anapat.mua/Main/Learning/Coding/php/php-codeIgniter-4/public/index.php(67): CodeIgniter\CodeIgniter->run()
#11 /Users/anapat.mua/Main/Learning/Coding/php/php-codeIgniter-4/vendor/codeigniter4/framework/system/Commands/Server/rewrite.php(47): require_once('/Users/anapat.m...')
#12 {main}
CRITICAL - 2023-06-13 15:20:40 --> Unable to connect to the database.
Main connection [MySQLi]: No such file or directory
in SYSTEMPATH/Database/BaseConnection.php on line 427.
 1 SYSTEMPATH/Database/BaseConnection.php(574): CodeIgniter\Database\BaseConnection->initialize()
 2 SYSTEMPATH/Database/BaseBuilder.php(1616): CodeIgniter\Database\BaseConnection->query('SELECT *
FROM `news`', [], false)
 3 SYSTEMPATH/Model.php(241): CodeIgniter\Database\BaseBuilder->get()
 4 SYSTEMPATH/BaseModel.php(618): CodeIgniter\Model->doFindAll(0, 0)
 5 APPPATH/Models/NewsModel.php(10): CodeIgniter\BaseModel->findAll()
 6 APPPATH/Controllers/News.php(11): App\Models\NewsModel->getNews()
 7 SYSTEMPATH/CodeIgniter.php(934): App\Controllers\News->index()
 8 SYSTEMPATH/CodeIgniter.php(499): CodeIgniter\CodeIgniter->runController(Object(App\Controllers\News))
 9 SYSTEMPATH/CodeIgniter.php(368): CodeIgniter\CodeIgniter->handleRequest(null, Object(Config\Cache), false)
10 FCPATH/index.php(67): CodeIgniter\CodeIgniter->run()
11 SYSTEMPATH/Commands/Server/rewrite.php(47): require_once('/Users/anapat.mua/Main/Learning/Coding/php/php-codeIgniter-4/public/index.php')
ERROR - 2023-06-13 15:20:41 --> Error connecting to the database: mysqli_sql_exception: No such file or directory in /Users/anapat.mua/Main/Learning/Coding/php/php-codeIgniter-4/vendor/codeigniter4/framework/system/Database/MySQLi/Connection.php:173
Stack trace:
#0 /Users/anapat.mua/Main/Learning/Coding/php/php-codeIgniter-4/vendor/codeigniter4/framework/system/Database/MySQLi/Connection.php(173): mysqli->real_connect('localhost', 'root', Object(SensitiveParameterValue), 'php-codeigniter', 3306, '', 0)
#1 /Users/anapat.mua/Main/Learning/Coding/php/php-codeIgniter-4/vendor/codeigniter4/framework/system/Database/BaseConnection.php(391): CodeIgniter\Database\MySQLi\Connection->connect(false)
#2 /Users/anapat.mua/Main/Learning/Coding/php/php-codeIgniter-4/vendor/codeigniter4/framework/system/Database/BaseConnection.php(574): CodeIgniter\Database\BaseConnection->initialize()
#3 /Users/anapat.mua/Main/Learning/Coding/php/php-codeIgniter-4/vendor/codeigniter4/framework/system/Database/BaseBuilder.php(1616): CodeIgniter\Database\BaseConnection->query('SELECT *\nFROM `...', Array, false)
#4 /Users/anapat.mua/Main/Learning/Coding/php/php-codeIgniter-4/vendor/codeigniter4/framework/system/Model.php(241): CodeIgniter\Database\BaseBuilder->get()
#5 /Users/anapat.mua/Main/Learning/Coding/php/php-codeIgniter-4/vendor/codeigniter4/framework/system/BaseModel.php(618): CodeIgniter\Model->doFindAll(0, 0)
#6 /Users/anapat.mua/Main/Learning/Coding/php/php-codeIgniter-4/app/Models/NewsModel.php(10): CodeIgniter\BaseModel->findAll()
#7 /Users/anapat.mua/Main/Learning/Coding/php/php-codeIgniter-4/app/Controllers/News.php(11): App\Models\NewsModel->getNews()
#8 /Users/anapat.mua/Main/Learning/Coding/php/php-codeIgniter-4/vendor/codeigniter4/framework/system/CodeIgniter.php(934): App\Controllers\News->index()
#9 /Users/anapat.mua/Main/Learning/Coding/php/php-codeIgniter-4/vendor/codeigniter4/framework/system/CodeIgniter.php(499): CodeIgniter\CodeIgniter->runController(Object(App\Controllers\News))
#10 /Users/anapat.mua/Main/Learning/Coding/php/php-codeIgniter-4/vendor/codeigniter4/framework/system/CodeIgniter.php(368): CodeIgniter\CodeIgniter->handleRequest(NULL, Object(Config\Cache), false)
#11 /Users/anapat.mua/Main/Learning/Coding/php/php-codeIgniter-4/public/index.php(67): CodeIgniter\CodeIgniter->run()
#12 /Users/anapat.mua/Main/Learning/Coding/php/php-codeIgniter-4/vendor/codeigniter4/framework/system/Commands/Server/rewrite.php(47): require_once('/Users/anapat.m...')
#13 {main}

Next CodeIgniter\Database\Exceptions\DatabaseException: No such file or directory in /Users/anapat.mua/Main/Learning/Coding/php/php-codeIgniter-4/vendor/codeigniter4/framework/system/Database/MySQLi/Connection.php:218
Stack trace:
#0 /Users/anapat.mua/Main/Learning/Coding/php/php-codeIgniter-4/vendor/codeigniter4/framework/system/Database/BaseConnection.php(391): CodeIgniter\Database\MySQLi\Connection->connect(false)
#1 /Users/anapat.mua/Main/Learning/Coding/php/php-codeIgniter-4/vendor/codeigniter4/framework/system/Database/BaseConnection.php(574): CodeIgniter\Database\BaseConnection->initialize()
#2 /Users/anapat.mua/Main/Learning/Coding/php/php-codeIgniter-4/vendor/codeigniter4/framework/system/Database/BaseBuilder.php(1616): CodeIgniter\Database\BaseConnection->query('SELECT *\nFROM `...', Array, false)
#3 /Users/anapat.mua/Main/Learning/Coding/php/php-codeIgniter-4/vendor/codeigniter4/framework/system/Model.php(241): CodeIgniter\Database\BaseBuilder->get()
#4 /Users/anapat.mua/Main/Learning/Coding/php/php-codeIgniter-4/vendor/codeigniter4/framework/system/BaseModel.php(618): CodeIgniter\Model->doFindAll(0, 0)
#5 /Users/anapat.mua/Main/Learning/Coding/php/php-codeIgniter-4/app/Models/NewsModel.php(10): CodeIgniter\BaseModel->findAll()
#6 /Users/anapat.mua/Main/Learning/Coding/php/php-codeIgniter-4/app/Controllers/News.php(11): App\Models\NewsModel->getNews()
#7 /Users/anapat.mua/Main/Learning/Coding/php/php-codeIgniter-4/vendor/codeigniter4/framework/system/CodeIgniter.php(934): App\Controllers\News->index()
#8 /Users/anapat.mua/Main/Learning/Coding/php/php-codeIgniter-4/vendor/codeigniter4/framework/system/CodeIgniter.php(499): CodeIgniter\CodeIgniter->runController(Object(App\Controllers\News))
#9 /Users/anapat.mua/Main/Learning/Coding/php/php-codeIgniter-4/vendor/codeigniter4/framework/system/CodeIgniter.php(368): CodeIgniter\CodeIgniter->handleRequest(NULL, Object(Config\Cache), false)
#10 /Users/anapat.mua/Main/Learning/Coding/php/php-codeIgniter-4/public/index.php(67): CodeIgniter\CodeIgniter->run()
#11 /Users/anapat.mua/Main/Learning/Coding/php/php-codeIgniter-4/vendor/codeigniter4/framework/system/Commands/Server/rewrite.php(47): require_once('/Users/anapat.m...')
#12 {main}
CRITICAL - 2023-06-13 15:20:41 --> Unable to connect to the database.
Main connection [MySQLi]: No such file or directory
in SYSTEMPATH/Database/BaseConnection.php on line 427.
 1 SYSTEMPATH/Database/BaseConnection.php(574): CodeIgniter\Database\BaseConnection->initialize()
 2 SYSTEMPATH/Database/BaseBuilder.php(1616): CodeIgniter\Database\BaseConnection->query('SELECT *
FROM `news`', [], false)
 3 SYSTEMPATH/Model.php(241): CodeIgniter\Database\BaseBuilder->get()
 4 SYSTEMPATH/BaseModel.php(618): CodeIgniter\Model->doFindAll(0, 0)
 5 APPPATH/Models/NewsModel.php(10): CodeIgniter\BaseModel->findAll()
 6 APPPATH/Controllers/News.php(11): App\Models\NewsModel->getNews()
 7 SYSTEMPATH/CodeIgniter.php(934): App\Controllers\News->index()
 8 SYSTEMPATH/CodeIgniter.php(499): CodeIgniter\CodeIgniter->runController(Object(App\Controllers\News))
 9 SYSTEMPATH/CodeIgniter.php(368): CodeIgniter\CodeIgniter->handleRequest(null, Object(Config\Cache), false)
10 FCPATH/index.php(67): CodeIgniter\CodeIgniter->run()
11 SYSTEMPATH/Commands/Server/rewrite.php(47): require_once('/Users/anapat.mua/Main/Learning/Coding/php/php-codeIgniter-4/public/index.php')
ERROR - 2023-06-13 15:26:18 --> Error connecting to the database: mysqli_sql_exception: No such file or directory in /Users/anapat.mua/Main/Learning/Coding/php/php-codeIgniter-4/vendor/codeigniter4/framework/system/Database/MySQLi/Connection.php:173
Stack trace:
#0 /Users/anapat.mua/Main/Learning/Coding/php/php-codeIgniter-4/vendor/codeigniter4/framework/system/Database/MySQLi/Connection.php(173): mysqli->real_connect('localhost', 'root', Object(SensitiveParameterValue), 'php-codeigniter', 3306, '', 0)
#1 /Users/anapat.mua/Main/Learning/Coding/php/php-codeIgniter-4/vendor/codeigniter4/framework/system/Database/BaseConnection.php(391): CodeIgniter\Database\MySQLi\Connection->connect(false)
#2 /Users/anapat.mua/Main/Learning/Coding/php/php-codeIgniter-4/vendor/codeigniter4/framework/system/Database/BaseConnection.php(574): CodeIgniter\Database\BaseConnection->initialize()
#3 /Users/anapat.mua/Main/Learning/Coding/php/php-codeIgniter-4/vendor/codeigniter4/framework/system/Database/BaseBuilder.php(1616): CodeIgniter\Database\BaseConnection->query('SELECT *\nFROM `...', Array, false)
#4 /Users/anapat.mua/Main/Learning/Coding/php/php-codeIgniter-4/vendor/codeigniter4/framework/system/Model.php(241): CodeIgniter\Database\BaseBuilder->get()
#5 /Users/anapat.mua/Main/Learning/Coding/php/php-codeIgniter-4/vendor/codeigniter4/framework/system/BaseModel.php(618): CodeIgniter\Model->doFindAll(0, 0)
#6 /Users/anapat.mua/Main/Learning/Coding/php/php-codeIgniter-4/app/Models/NewsModel.php(10): CodeIgniter\BaseModel->findAll()
#7 /Users/anapat.mua/Main/Learning/Coding/php/php-codeIgniter-4/app/Controllers/News.php(11): App\Models\NewsModel->getNews()
#8 /Users/anapat.mua/Main/Learning/Coding/php/php-codeIgniter-4/vendor/codeigniter4/framework/system/CodeIgniter.php(934): App\Controllers\News->index()
#9 /Users/anapat.mua/Main/Learning/Coding/php/php-codeIgniter-4/vendor/codeigniter4/framework/system/CodeIgniter.php(499): CodeIgniter\CodeIgniter->runController(Object(App\Controllers\News))
#10 /Users/anapat.mua/Main/Learning/Coding/php/php-codeIgniter-4/vendor/codeigniter4/framework/system/CodeIgniter.php(368): CodeIgniter\CodeIgniter->handleRequest(NULL, Object(Config\Cache), false)
#11 /Users/anapat.mua/Main/Learning/Coding/php/php-codeIgniter-4/public/index.php(67): CodeIgniter\CodeIgniter->run()
#12 /Users/anapat.mua/Main/Learning/Coding/php/php-codeIgniter-4/vendor/codeigniter4/framework/system/Commands/Server/rewrite.php(47): require_once('/Users/anapat.m...')
#13 {main}

Next CodeIgniter\Database\Exceptions\DatabaseException: No such file or directory in /Users/anapat.mua/Main/Learning/Coding/php/php-codeIgniter-4/vendor/codeigniter4/framework/system/Database/MySQLi/Connection.php:218
Stack trace:
#0 /Users/anapat.mua/Main/Learning/Coding/php/php-codeIgniter-4/vendor/codeigniter4/framework/system/Database/BaseConnection.php(391): CodeIgniter\Database\MySQLi\Connection->connect(false)
#1 /Users/anapat.mua/Main/Learning/Coding/php/php-codeIgniter-4/vendor/codeigniter4/framework/system/Database/BaseConnection.php(574): CodeIgniter\Database\BaseConnection->initialize()
#2 /Users/anapat.mua/Main/Learning/Coding/php/php-codeIgniter-4/vendor/codeigniter4/framework/system/Database/BaseBuilder.php(1616): CodeIgniter\Database\BaseConnection->query('SELECT *\nFROM `...', Array, false)
#3 /Users/anapat.mua/Main/Learning/Coding/php/php-codeIgniter-4/vendor/codeigniter4/framework/system/Model.php(241): CodeIgniter\Database\BaseBuilder->get()
#4 /Users/anapat.mua/Main/Learning/Coding/php/php-codeIgniter-4/vendor/codeigniter4/framework/system/BaseModel.php(618): CodeIgniter\Model->doFindAll(0, 0)
#5 /Users/anapat.mua/Main/Learning/Coding/php/php-codeIgniter-4/app/Models/NewsModel.php(10): CodeIgniter\BaseModel->findAll()
#6 /Users/anapat.mua/Main/Learning/Coding/php/php-codeIgniter-4/app/Controllers/News.php(11): App\Models\NewsModel->getNews()
#7 /Users/anapat.mua/Main/Learning/Coding/php/php-codeIgniter-4/vendor/codeigniter4/framework/system/CodeIgniter.php(934): App\Controllers\News->index()
#8 /Users/anapat.mua/Main/Learning/Coding/php/php-codeIgniter-4/vendor/codeigniter4/framework/system/CodeIgniter.php(499): CodeIgniter\CodeIgniter->runController(Object(App\Controllers\News))
#9 /Users/anapat.mua/Main/Learning/Coding/php/php-codeIgniter-4/vendor/codeigniter4/framework/system/CodeIgniter.php(368): CodeIgniter\CodeIgniter->handleRequest(NULL, Object(Config\Cache), false)
#10 /Users/anapat.mua/Main/Learning/Coding/php/php-codeIgniter-4/public/index.php(67): CodeIgniter\CodeIgniter->run()
#11 /Users/anapat.mua/Main/Learning/Coding/php/php-codeIgniter-4/vendor/codeigniter4/framework/system/Commands/Server/rewrite.php(47): require_once('/Users/anapat.m...')
#12 {main}
CRITICAL - 2023-06-13 15:26:18 --> Unable to connect to the database.
Main connection [MySQLi]: No such file or directory
in SYSTEMPATH/Database/BaseConnection.php on line 427.
 1 SYSTEMPATH/Database/BaseConnection.php(574): CodeIgniter\Database\BaseConnection->initialize()
 2 SYSTEMPATH/Database/BaseBuilder.php(1616): CodeIgniter\Database\BaseConnection->query('SELECT *
FROM `news`', [], false)
 3 SYSTEMPATH/Model.php(241): CodeIgniter\Database\BaseBuilder->get()
 4 SYSTEMPATH/BaseModel.php(618): CodeIgniter\Model->doFindAll(0, 0)
 5 APPPATH/Models/NewsModel.php(10): CodeIgniter\BaseModel->findAll()
 6 APPPATH/Controllers/News.php(11): App\Models\NewsModel->getNews()
 7 SYSTEMPATH/CodeIgniter.php(934): App\Controllers\News->index()
 8 SYSTEMPATH/CodeIgniter.php(499): CodeIgniter\CodeIgniter->runController(Object(App\Controllers\News))
 9 SYSTEMPATH/CodeIgniter.php(368): CodeIgniter\CodeIgniter->handleRequest(null, Object(Config\Cache), false)
10 FCPATH/index.php(67): CodeIgniter\CodeIgniter->run()
11 SYSTEMPATH/Commands/Server/rewrite.php(47): require_once('/Users/anapat.mua/Main/Learning/Coding/php/php-codeIgniter-4/public/index.php')
CRITICAL - 2023-06-13 15:27:12 --> Array to string conversion
in APPPATH/Views/news/overview.php on line 5.
 1 APPPATH/Views/news/overview.php(5): CodeIgniter\Debug\Exceptions->errorHandler(2, 'Array to string conversion', '/Users/anapat.mua/Main/Learning/Coding/php/php-codeIgniter-4/app/Views/news/overview.php', 5)
 2 SYSTEMPATH/View/View.php(213): include('/Users/anapat.mua/Main/Learning/Coding/php/php-codeIgniter-4/app/Views/news/overview.php')
 3 SYSTEMPATH/View/View.php(216): CodeIgniter\View\View->CodeIgniter\View\{closure}()
 4 SYSTEMPATH/Common.php(1184): CodeIgniter\View\View->render('news/overview', [], true)
 5 APPPATH/Controllers/News.php(16): view('news/overview', [...])
 6 SYSTEMPATH/CodeIgniter.php(934): App\Controllers\News->index()
 7 SYSTEMPATH/CodeIgniter.php(499): CodeIgniter\CodeIgniter->runController(Object(App\Controllers\News))
 8 SYSTEMPATH/CodeIgniter.php(368): CodeIgniter\CodeIgniter->handleRequest(null, Object(Config\Cache), false)
 9 FCPATH/index.php(67): CodeIgniter\CodeIgniter->run()
10 SYSTEMPATH/Commands/Server/rewrite.php(47): require_once('/Users/anapat.mua/Main/Learning/Coding/php/php-codeIgniter-4/public/index.php')
CRITICAL - 2023-06-13 15:27:42 --> Array to string conversion
in APPPATH/Views/news/overview.php on line 5.
 1 APPPATH/Views/news/overview.php(5): CodeIgniter\Debug\Exceptions->errorHandler(2, 'Array to string conversion', '/Users/anapat.mua/Main/Learning/Coding/php/php-codeIgniter-4/app/Views/news/overview.php', 5)
 2 SYSTEMPATH/View/View.php(213): include('/Users/anapat.mua/Main/Learning/Coding/php/php-codeIgniter-4/app/Views/news/overview.php')
 3 SYSTEMPATH/View/View.php(216): CodeIgniter\View\View->CodeIgniter\View\{closure}()
 4 SYSTEMPATH/Common.php(1184): CodeIgniter\View\View->render('news/overview', [], true)
 5 APPPATH/Controllers/News.php(16): view('news/overview', [...])
 6 SYSTEMPATH/CodeIgniter.php(934): App\Controllers\News->index()
 7 SYSTEMPATH/CodeIgniter.php(499): CodeIgniter\CodeIgniter->runController(Object(App\Controllers\News))
 8 SYSTEMPATH/CodeIgniter.php(368): CodeIgniter\CodeIgniter->handleRequest(null, Object(Config\Cache), false)
 9 FCPATH/index.php(67): CodeIgniter\CodeIgniter->run()
10 SYSTEMPATH/Commands/Server/rewrite.php(47): require_once('/Users/anapat.mua/Main/Learning/Coding/php/php-codeIgniter-4/public/index.php')
